0 info it worked if it ends with ok
1 verbose cli [ 'D:\\Program Files\\nodejs\\\\node.exe',
1 verbose cli   'D:\\Program Files\\nodejs\\node_modules\\npm\\bin\\npm-cli.js',
1 verbose cli   'install' ]
2 info using npm@2.7.4
3 info using node@v0.12.2
4 verbose node symlink D:\Program Files\nodejs\\node.exe
5 error install Couldn't read dependencies
6 verbose stack Error: Failed to parse json
6 verbose stack Unexpected token '<' at 4:1
6 verbose stack <!DOCTYPE html>
6 verbose stack ^
6 verbose stack     at parseError (D:\Program Files\nodejs\node_modules\npm\node_modules\read-package-json\read-json.js:406:25)
6 verbose stack     at parseJson (D:\Program Files\nodejs\node_modules\npm\node_modules\read-package-json\read-json.js:86:51)
6 verbose stack     at D:\Program Files\nodejs\node_modules\npm\node_modules\read-package-json\read-json.js:60:33
6 verbose stack     at evalmachine.<anonymous>:334:14
6 verbose stack     at D:\Program Files\nodejs\node_modules\npm\node_modules\graceful-fs\graceful-fs.js:102:5
6 verbose stack     at FSReqWrap.oncomplete (evalmachine.<anonymous>:95:15)
7 verbose cwd D:\Downloader\itcrab шаблон\base-html-bootstrap-template-master\base-html-bootstrap-template-master\exec
8 error Windows_NT 6.1.7601
9 error argv "D:\\Program Files\\nodejs\\\\node.exe" "D:\\Program Files\\nodejs\\node_modules\\npm\\bin\\npm-cli.js" "install"
10 error node v0.12.2
11 error npm  v2.7.4
12 error file D:\Downloader\itcrab шаблон\base-html-bootstrap-template-master\base-html-bootstrap-template-master\package.json
13 error code EJSONPARSE
14 error Failed to parse json
14 error Unexpected token '<' at 4:1
14 error <!DOCTYPE html>
14 error ^
15 error File: D:\Downloader\itcrab шаблон\base-html-bootstrap-template-master\base-html-bootstrap-template-master\package.json
16 error Failed to parse package.json data.
16 error package.json must be actual JSON, not just JavaScript.
16 error
16 error This is not a bug in npm.
16 error Tell the package author to fix their package.json file. JSON.parse
17 verbose exit [ 1, true ]
